<?xml version="1.0" encoding="UTF-8"?>
<!-- Generated by org.testng.reporters.JUnitReportReporter -->
<testsuite hostname="IN-10PN6S3" failures="0" tests="7" name="com.nagarro.BDDTesting.TestRunner" time="75.965" errors="0" timestamp="2024-11-17T23:28:47 IST" skipped="0">
  <testcase classname="com.nagarro.BDDTesting.TestRunner" name="runScenario" time="9.822"/>
  <system-out/>
  <testcase classname="com.nagarro.BDDTesting.TestRunner" name="runScenario" time="12.158"/>
  <system-out/>
  <testcase classname="com.nagarro.BDDTesting.TestRunner" name="runScenario" time="8.147"/>
  <system-out/>
  <testcase classname="com.nagarro.BDDTesting.TestRunner" name="runScenario" time="6.955"/>
  <system-out/>
  <testcase classname="com.nagarro.BDDTesting.TestRunner" name="runScenario" time="8.070"/>
  <system-out/>
  <testcase classname="com.nagarro.BDDTesting.TestRunner" name="runScenario" time="15.465"/>
  <system-out/>
  <testcase classname="com.nagarro.BDDTesting.TestRunner" name="runScenario" time="15.348"/>
  <system-out/>
</testsuite> <!-- com.nagarro.BDDTesting.TestRunner -->
